This is pdfTeX, Version 3.14159265-2.6-1.40.21 (TeX Live 2020) (preloaded format=pdflatex 2020.6.4)  23 JUN 2020 11:58
entering extended mode
 restricted \write18 enabled.
 %&-line parsing enabled.
**bookdown-template.tex
(./bookdown-template.tex
LaTeX2e <2020-02-02> patch level 5
L3 programming layer <2020-06-03> (/Users/jdoughe2/Library/TinyTeX/texmf-dist/t
ex/latex/base/book.cls
Document Class: book 2019/12/20 v1.4l Standard LaTeX document class
(/Users/jdoughe2/Library/TinyTeX/texmf-dist/tex/latex/base/bk10.clo
File: bk10.clo 2019/12/20 v1.4l Standard LaTeX file (size option)
)
\c@part=\count167
\c@chapter=\count168
\c@section=\count169
\c@subsection=\count170
\c@subsubsection=\count171
\c@paragraph=\count172
\c@subparagraph=\count173
\c@figure=\count174
\c@table=\count175
\abovecaptionskip=\skip47
\belowcaptionskip=\skip48
\bibindent=\dimen134
) (/Users/jdoughe2/Library/TinyTeX/texmf-dist/tex/latex/lm/lmodern.sty
Package: lmodern 2009/10/30 v1.6 Latin Modern Fonts
LaTeX Font Info:    Overwriting symbol font `operators' in version `normal'
(Font)                  OT1/cmr/m/n --> OT1/lmr/m/n on input line 22.
LaTeX Font Info:    Overwriting symbol font `letters' in version `normal'
(Font)                  OML/cmm/m/it --> OML/lmm/m/it on input line 23.
LaTeX Font Info:    Overwriting symbol font `symbols' in version `normal'
(Font)                  OMS/cmsy/m/n --> OMS/lmsy/m/n on input line 24.
LaTeX Font Info:    Overwriting symbol font `largesymbols' in version `normal'
(Font)                  OMX/cmex/m/n --> OMX/lmex/m/n on input line 25.
LaTeX Font Info:    Overwriting symbol font `operators' in version `bold'
(Font)                  OT1/cmr/bx/n --> OT1/lmr/bx/n on input line 26.
LaTeX Font Info:    Overwriting symbol font `letters' in version `bold'
(Font)                  OML/cmm/b/it --> OML/lmm/b/it on input line 27.
LaTeX Font Info:    Overwriting symbol font `symbols' in version `bold'
(Font)                  OMS/cmsy/b/n --> OMS/lmsy/b/n on input line 28.
LaTeX Font Info:    Overwriting symbol font `largesymbols' in version `bold'
(Font)                  OMX/cmex/m/n --> OMX/lmex/m/n on input line 29.
LaTeX Font Info:    Overwriting math alphabet `\mathbf' in version `normal'
(Font)                  OT1/cmr/bx/n --> OT1/lmr/bx/n on input line 31.
LaTeX Font Info:    Overwriting math alphabet `\mathsf' in version `normal'
(Font)                  OT1/cmss/m/n --> OT1/lmss/m/n on input line 32.
LaTeX Font Info:    Overwriting math alphabet `\mathit' in version `normal'
(Font)                  OT1/cmr/m/it --> OT1/lmr/m/it on input line 33.
LaTeX Font Info:    Overwriting math alphabet `\mathtt' in version `normal'
(Font)                  OT1/cmtt/m/n --> OT1/lmtt/m/n on input line 34.
LaTeX Font Info:    Overwriting math alphabet `\mathbf' in version `bold'
(Font)                  OT1/cmr/bx/n --> OT1/lmr/bx/n on input line 35.
LaTeX Font Info:    Overwriting math alphabet `\mathsf' in version `bold'
(Font)                  OT1/cmss/bx/n --> OT1/lmss/bx/n on input line 36.
LaTeX Font Info:    Overwriting math alphabet `\mathit' in version `bold'
(Font)                  OT1/cmr/bx/it --> OT1/lmr/bx/it on input line 37.
LaTeX Font Info:    Overwriting math alphabet `\mathtt' in version `bold'
(Font)                  OT1/cmtt/m/n --> OT1/lmtt/m/n on input line 38.
) (/Users/jdoughe2/Library/TinyTeX/texmf-dist/tex/latex/amsfonts/amssymb.sty
Package: amssymb 2013/01/14 v3.01 AMS font symbols
(/Users/jdoughe2/Library/TinyTeX/texmf-dist/tex/latex/amsfonts/amsfonts.sty
Package: amsfonts 2013/01/14 v3.01 Basic AMSFonts support
\@emptytoks=\toks15
\symAMSa=\mathgroup4
\symAMSb=\mathgroup5
LaTeX Font Info:    Redeclaring math symbol \hbar on input line 98.
LaTeX Font Info:    Overwriting math alphabet `\mathfrak' in version `bold'
(Font)                  U/euf/m/n --> U/euf/b/n on input line 106.
)) (/Users/jdoughe2/Library/TinyTeX/texmf-dist/tex/latex/amsmath/amsmath.sty
Package: amsmath 2020/01/20 v2.17e AMS math features
\@mathmargin=\skip49
For additional information on amsmath, use the `?' option.
(/Users/jdoughe2/Library/TinyTeX/texmf-dist/tex/latex/amsmath/amstext.sty
Package: amstext 2000/06/29 v2.01 AMS text
(/Users/jdoughe2/Library/TinyTeX/texmf-dist/tex/latex/amsmath/amsgen.sty
File: amsgen.sty 1999/11/30 v2.0 generic functions
\@emptytoks=\toks16
\ex@=\dimen135
)) (/Users/jdoughe2/Library/TinyTeX/texmf-dist/tex/latex/amsmath/amsbsy.sty
Package: amsbsy 1999/11/29 v1.2d Bold Symbols
\pmbraise@=\dimen136
) (/Users/jdoughe2/Library/TinyTeX/texmf-dist/tex/latex/amsmath/amsopn.sty
Package: amsopn 2016/03/08 v2.02 operator names
)
\inf@bad=\count176
LaTeX Info: Redefining \frac on input line 227.
\uproot@=\count177
\leftroot@=\count178
LaTeX Info: Redefining \overline on input line 389.
\classnum@=\count179
\DOTSCASE@=\count180
LaTeX Info: Redefining \ldots on input line 486.
LaTeX Info: Redefining \dots on input line 489.
LaTeX Info: Redefining \cdots on input line 610.
\Mathstrutbox@=\box45
\strutbox@=\box46
\big@size=\dimen137
LaTeX Font Info:    Redeclaring font encoding OML on input line 733.
LaTeX Font Info:    Redeclaring font encoding OMS on input line 734.
\macc@depth=\count181
\c@MaxMatrixCols=\count182
\dotsspace@=\muskip16
\c@parentequation=\count183
\dspbrk@lvl=\count184
\tag@help=\toks17
\row@=\count185
\column@=\count186
\maxfields@=\count187
\andhelp@=\toks18
\eqnshift@=\dimen138
\alignsep@=\dimen139
\tagshift@=\dimen140
\tagwidth@=\dimen141
\totwidth@=\dimen142
\lineht@=\dimen143
\@envbody=\toks19
\multlinegap=\skip50
\multlinetaggap=\skip51
\mathdisplay@stack=\toks20
LaTeX Info: Redefining \[ on input line 2859.
LaTeX Info: Redefining \] on input line 2860.
) (/Users/jdoughe2/Library/TinyTeX/texmf-dist/tex/generic/iftex/ifxetex.sty
Package: ifxetex 2019/10/25 v0.7 ifxetex legacy package. Use iftex instead.
(/Users/jdoughe2/Library/TinyTeX/texmf-dist/tex/generic/iftex/iftex.sty
Package: iftex 2020/03/06 v1.0d TeX engine tests
)) (/Users/jdoughe2/Library/TinyTeX/texmf-dist/tex/generic/iftex/ifluatex.sty
Package: ifluatex 2019/10/25 v1.5 ifluatex legacy package. Use iftex instead.
) (/Users/jdoughe2/Library/TinyTeX/texmf-dist/tex/latex/base/fontenc.sty
Package: fontenc 2020/02/11 v2.0o Standard LaTeX package
LaTeX Font Info:    Trying to load font information for T1+lmr on input line 11
2.
(/Users/jdoughe2/Library/TinyTeX/texmf-dist/tex/latex/lm/t1lmr.fd
File: t1lmr.fd 2009/10/30 v1.6 Font defs for Latin Modern
)) (/Users/jdoughe2/Library/TinyTeX/texmf-dist/tex/latex/base/inputenc.sty
Package: inputenc 2018/08/11 v1.3c Input encoding file
\inpenc@prehook=\toks21
\inpenc@posthook=\toks22
) (/Users/jdoughe2/Library/TinyTeX/texmf-dist/tex/latex/base/textcomp.sty
Package: textcomp 2020/02/02 v2.0n Standard LaTeX package
) (/Users/jdoughe2/Library/TinyTeX/texmf-dist/tex/latex/upquote/upquote.sty
Package: upquote 2012/04/19 v1.3 upright-quote and grave-accent glyphs in verba
tim
) (/Users/jdoughe2/Library/TinyTeX/texmf-dist/tex/latex/xcolor/xcolor.sty
Package: xcolor 2016/05/11 v2.12 LaTeX color extensions (UK)
(/Users/jdoughe2/Library/TinyTeX/texmf-dist/tex/latex/graphics-cfg/color.cfg
File: color.cfg 2016/01/02 v1.6 sample color configuration
)
Package xcolor Info: Driver file: pdftex.def on input line 225.
(/Users/jdoughe2/Library/TinyTeX/texmf-dist/tex/latex/graphics-def/pdftex.def
File: pdftex.def 2018/01/08 v1.0l Graphics/color driver for pdftex
)
Package xcolor Info: Model `cmy' substituted by `cmy0' on input line 1348.
Package xcolor Info: Model `hsb' substituted by `rgb' on input line 1352.
Package xcolor Info: Model `RGB' extended on input line 1364.
Package xcolor Info: Model `HTML' substituted by `rgb' on input line 1366.
Package xcolor Info: Model `Hsb' substituted by `hsb' on input line 1367.
Package xcolor Info: Model `tHsb' substituted by `hsb' on input line 1368.
Package xcolor Info: Model `HSB' substituted by `hsb' on input line 1369.
Package xcolor Info: Model `Gray' substituted by `gray' on input line 1370.
Package xcolor Info: Model `wave' substituted by `hsb' on input line 1371.
) (/Users/jdoughe2/Library/TinyTeX/texmf-dist/tex/latex/hyperref/hyperref.sty
Package: hyperref 2020-05-15 v7.00e Hypertext links for LaTeX
(/Users/jdoughe2/Library/TinyTeX/texmf-dist/tex/generic/ltxcmds/ltxcmds.sty
Package: ltxcmds 2019/12/15 v1.24 LaTeX kernel commands for general use (HO)
)
(/Users/jdoughe2/Library/TinyTeX/texmf-dist/tex/latex/pdftexcmds/pdftexcmds.sty
Package: pdftexcmds 2019/11/24 v0.31 Utility functions of pdfTeX for LuaTeX (HO
)

(/Users/jdoughe2/Library/TinyTeX/texmf-dist/tex/generic/infwarerr/infwarerr.sty
Package: infwarerr 2019/12/03 v1.5 Providing info/warning/error messages (HO)
)
Package pdftexcmds Info: \pdf@primitive is available.
Package pdftexcmds Info: \pdf@ifprimitive is available.
Package pdftexcmds Info: \pdfdraftmode found.
) (/Users/jdoughe2/Library/TinyTeX/texmf-dist/tex/latex/graphics/keyval.sty
Package: keyval 2014/10/28 v1.15 key=value parser (DPC)
\KV@toks@=\toks23
)
(/Users/jdoughe2/Library/TinyTeX/texmf-dist/tex/generic/kvsetkeys/kvsetkeys.sty
Package: kvsetkeys 2019/12/15 v1.18 Key value parser (HO)
)
(/Users/jdoughe2/Library/TinyTeX/texmf-dist/tex/generic/kvdefinekeys/kvdefineke
ys.sty
Package: kvdefinekeys 2019-12-19 v1.6 Define keys (HO)
)
(/Users/jdoughe2/Library/TinyTeX/texmf-dist/tex/generic/pdfescape/pdfescape.sty
Package: pdfescape 2019/12/09 v1.15 Implements pdfTeX's escape features (HO)
) (/Users/jdoughe2/Library/TinyTeX/texmf-dist/tex/latex/hycolor/hycolor.sty
Package: hycolor 2020-01-27 v1.10 Color options for hyperref/bookmark (HO)
)
(/Users/jdoughe2/Library/TinyTeX/texmf-dist/tex/latex/letltxmacro/letltxmacro.s
ty
Package: letltxmacro 2019/12/03 v1.6 Let assignment for LaTeX macros (HO)
) (/Users/jdoughe2/Library/TinyTeX/texmf-dist/tex/latex/auxhook/auxhook.sty
Package: auxhook 2019-12-17 v1.6 Hooks for auxiliary files (HO)
) (/Users/jdoughe2/Library/TinyTeX/texmf-dist/tex/latex/kvoptions/kvoptions.sty
Package: kvoptions 2019/11/29 v3.13 Key value format for package options (HO)
)
\@linkdim=\dimen144
\Hy@linkcounter=\count188
\Hy@pagecounter=\count189
(/Users/jdoughe2/Library/TinyTeX/texmf-dist/tex/latex/hyperref/pd1enc.def
File: pd1enc.def 2020-05-15 v7.00e Hyperref: PDFDocEncoding definition (HO)
Now handling font encoding PD1 ...
... no UTF-8 mapping file for font encoding PD1
) (/Users/jdoughe2/Library/TinyTeX/texmf-dist/tex/generic/intcalc/intcalc.sty
Package: intcalc 2019/12/15 v1.3 Expandable calculations with integers (HO)
) (/Users/jdoughe2/Library/TinyTeX/texmf-dist/tex/generic/etexcmds/etexcmds.sty
Package: etexcmds 2019/12/15 v1.7 Avoid name clashes with e-TeX commands (HO)
)
\Hy@SavedSpaceFactor=\count190
Package hyperref Info: Option `unicode' set `true' on input line 4338.
(/Users/jdoughe2/Library/TinyTeX/texmf-dist/tex/latex/hyperref/puenc.def
File: puenc.def 2020-05-15 v7.00e Hyperref: PDF Unicode definition (HO)
Now handling font encoding PU ...
... no UTF-8 mapping file for font encoding PU
)
Package hyperref Info: Hyper figures OFF on input line 4464.
Package hyperref Info: Link nesting OFF on input line 4469.
Package hyperref Info: Hyper index ON on input line 4472.
Package hyperref Info: Plain pages OFF on input line 4479.
Package hyperref Info: Backreferencing OFF on input line 4484.
Package hyperref Info: Implicit mode ON; LaTeX internals redefined.
Package hyperref Info: Bookmarks ON on input line 4717.
\c@Hy@tempcnt=\count191
(/Users/jdoughe2/Library/TinyTeX/texmf-dist/tex/latex/url/url.sty
\Urlmuskip=\muskip17
Package: url 2013/09/16  ver 3.4  Verb mode for urls, etc.
)
LaTeX Info: Redefining \url on input line 5076.
\XeTeXLinkMargin=\dimen145
(/Users/jdoughe2/Library/TinyTeX/texmf-dist/tex/generic/bitset/bitset.sty
Package: bitset 2019/12/09 v1.3 Handle bit-vector datatype (HO)

(/Users/jdoughe2/Library/TinyTeX/texmf-dist/tex/generic/bigintcalc/bigintcalc.s
ty
Package: bigintcalc 2019/12/15 v1.5 Expandable calculations on big integers (HO
)
))
\Fld@menulength=\count192
\Field@Width=\dimen146
\Fld@charsize=\dimen147
Package hyperref Info: Hyper figures OFF on input line 6347.
Package hyperref Info: Link nesting OFF on input line 6352.
Package hyperref Info: Hyper index ON on input line 6355.
Package hyperref Info: backreferencing OFF on input line 6362.
Package hyperref Info: Link coloring OFF on input line 6367.
Package hyperref Info: Link coloring with OCG OFF on input line 6372.
Package hyperref Info: PDF/A mode OFF on input line 6377.
LaTeX Info: Redefining \ref on input line 6417.
LaTeX Info: Redefining \pageref on input line 6421.
(/Users/jdoughe2/Library/TinyTeX/texmf-dist/tex/generic/atbegshi/atbegshi.sty
Package: atbegshi 2019/12/05 v1.19 At begin shipout hook (HO)
)
\Hy@abspage=\count193
\c@Item=\count194
\c@Hfootnote=\count195
)
Package hyperref Info: Driver (autodetected): hpdftex.
(/Users/jdoughe2/Library/TinyTeX/texmf-dist/tex/latex/hyperref/hpdftex.def
File: hpdftex.def 2020-05-15 v7.00e Hyperref driver for pdfTeX
(/Users/jdoughe2/Library/TinyTeX/texmf-dist/tex/latex/atveryend/atveryend.sty
Package: atveryend 2019-12-11 v1.11 Hooks at the very end of document (HO)
Package atveryend Info: \enddocument detected (standard20110627).
)
\Fld@listcount=\count196
\c@bookmark@seq@number=\count197

(/Users/jdoughe2/Library/TinyTeX/texmf-dist/tex/latex/rerunfilecheck/rerunfilec
heck.sty
Package: rerunfilecheck 2019/12/05 v1.9 Rerun checks for auxiliary files (HO)

(/Users/jdoughe2/Library/TinyTeX/texmf-dist/tex/generic/uniquecounter/uniquecou
nter.sty
Package: uniquecounter 2019/12/15 v1.4 Provide unlimited unique counter (HO)
)
Package uniquecounter Info: New unique counter `rerunfilecheck' on input line 2
86.
)
\Hy@SectionHShift=\skip52
) (/Users/jdoughe2/Library/TinyTeX/texmf-dist/tex/latex/tools/longtable.sty
Package: longtable 2020/01/07 v4.13 Multi-page Table package (DPC)
\LTleft=\skip53
\LTright=\skip54
\LTpre=\skip55
\LTpost=\skip56
\LTchunksize=\count198
\LTcapwidth=\dimen148
\LT@head=\box47
\LT@firsthead=\box48
\LT@foot=\box49
\LT@lastfoot=\box50
\LT@cols=\count199
\LT@rows=\count266
\c@LT@tables=\count267
\c@LT@chunks=\count268
\LT@p@ftn=\toks24
) (/Users/jdoughe2/Library/TinyTeX/texmf-dist/tex/latex/booktabs/booktabs.sty
Package: booktabs 2020/01/12 v1.61803398 Publication quality tables
\heavyrulewidth=\dimen149
\lightrulewidth=\dimen150
\cmidrulewidth=\dimen151
\belowrulesep=\dimen152
\belowbottomsep=\dimen153
\aboverulesep=\dimen154
\abovetopsep=\dimen155
\cmidrulesep=\dimen156
\cmidrulekern=\dimen157
\defaultaddspace=\dimen158
\@cmidla=\count269
\@cmidlb=\count270
\@aboverulesep=\dimen159
\@belowrulesep=\dimen160
\@thisruleclass=\count271
\@lastruleclass=\count272
\@thisrulewidth=\dimen161
) (/Users/jdoughe2/Library/TinyTeX/texmf-dist/tex/latex/etoolbox/etoolbox.sty
Package: etoolbox 2019/09/21 v2.5h e-TeX tools for LaTeX (JAW)
\etb@tempcnta=\count273
) (/Users/jdoughe2/Library/TinyTeX/texmf-dist/tex/latex/mdwtools/footnote.sty
Package: footnote 1997/01/28 1.13 Save footnotes around boxes
\fn@notes=\box51
\fn@width=\dimen162
) (/Users/jdoughe2/Library/TinyTeX/texmf-dist/tex/latex/graphics/graphicx.sty
Package: graphicx 2019/11/30 v1.2a Enhanced LaTeX Graphics (DPC,SPQR)
(/Users/jdoughe2/Library/TinyTeX/texmf-dist/tex/latex/graphics/graphics.sty
Package: graphics 2019/11/30 v1.4a Standard LaTeX Graphics (DPC,SPQR)
(/Users/jdoughe2/Library/TinyTeX/texmf-dist/tex/latex/graphics/trig.sty
Package: trig 2016/01/03 v1.10 sin cos tan (DPC)
)
(/Users/jdoughe2/Library/TinyTeX/texmf-dist/tex/latex/graphics-cfg/graphics.cfg
File: graphics.cfg 2016/06/04 v1.11 sample graphics configuration
)
Package graphics Info: Driver file: pdftex.def on input line 105.
)
\Gin@req@height=\dimen163
\Gin@req@width=\dimen164
) (/Users/jdoughe2/Library/TinyTeX/texmf-dist/tex/generic/babel/babel.sty
Package: babel 2020/05/13 3.44 The Babel package
(/Users/jdoughe2/Library/TinyTeX/texmf-dist/tex/generic/babel/babel.def
File: babel.def 2020/05/13 3.44 Babel common definitions
\babel@savecnt=\count274
\U@D=\dimen165
\l@babelnohyphens=\language3
(/Users/jdoughe2/Library/TinyTeX/texmf-dist/tex/generic/babel/txtbabel.def)
\bbl@readstream=\read2
)
\bbl@dirlevel=\count275

(/Users/jdoughe2/Library/TinyTeX/texmf-dist/tex/generic/babel-english/english.l
df
Language: english 2017/06/06 v3.3r English support from the babel system
Package babel Info: \l@british = using hyphenrules for english
(babel)             (\language0) on input line 82.
Package babel Info: \l@UKenglish = using hyphenrules for english
(babel)             (\language0) on input line 83.
Package babel Info: \l@canadian = using hyphenrules for english
(babel)             (\language0) on input line 102.
Package babel Info: \l@australian = using hyphenrules for english
(babel)             (\language0) on input line 105.
Package babel Info: \l@newzealand = using hyphenrules for english
(babel)             (\language0) on input line 108.
)
(/Users/jdoughe2/Library/TinyTeX/texmf-dist/tex/generic/babel-english/english.l
df
Language: english 2017/06/06 v3.3r English support from the babel system
))
\cslhangindent=\skip57

(/Users/jdoughe2/Library/TinyTeX/texmf-dist/tex/latex/l3backend/l3backend-pdfmo
de.def
File: l3backend-pdfmode.def 2020-06-03 L3 backend support: PDF mode
\l__kernel_color_stack_int=\count276
\l__pdf_internal_box=\box52
) (./bookdown-template.aux)
\openout1 = `bookdown-template.aux'.

LaTeX Font Info:    Checking defaults for OML/cmm/m/it on input line 97.
LaTeX Font Info:    ... okay on input line 97.
LaTeX Font Info:    Checking defaults for OMS/cmsy/m/n on input line 97.
LaTeX Font Info:    ... okay on input line 97.
LaTeX Font Info:    Checking defaults for OT1/cmr/m/n on input line 97.
LaTeX Font Info:    ... okay on input line 97.
LaTeX Font Info:    Checking defaults for T1/cmr/m/n on input line 97.
LaTeX Font Info:    ... okay on input line 97.
LaTeX Font Info:    Checking defaults for TS1/cmr/m/n on input line 97.
LaTeX Font Info:    ... okay on input line 97.
LaTeX Font Info:    Checking defaults for OMX/cmex/m/n on input line 97.
LaTeX Font Info:    ... okay on input line 97.
LaTeX Font Info:    Checking defaults for U/cmr/m/n on input line 97.
LaTeX Font Info:    ... okay on input line 97.
LaTeX Font Info:    Checking defaults for PD1/pdf/m/n on input line 97.
LaTeX Font Info:    ... okay on input line 97.
LaTeX Font Info:    Checking defaults for PU/pdf/m/n on input line 97.
LaTeX Font Info:    ... okay on input line 97.

(/Users/jdoughe2/Library/TinyTeX/texmf-dist/tex/latex/epstopdf-pkg/epstopdf-bas
e.sty
Package: epstopdf-base 2020-01-24 v2.11 Base part for package epstopdf
(/Users/jdoughe2/Library/TinyTeX/texmf-dist/tex/latex/grfext/grfext.sty
Package: grfext 2019/12/03 v1.3 Manage graphics extensions (HO)
)
Package epstopdf-base Info: Redefining graphics rule for `.eps' on input line 4
85.
Package grfext Info: Graphics extension search list:
(grfext)             [.pdf,.png,.jpg,.mps,.jpeg,.jbig2,.jb2,.PDF,.PNG,.JPG,.JPE
G,.JBIG2,.JB2,.eps]
(grfext)             \AppendGraphicsExtensions on input line 504.

(/Users/jdoughe2/Library/TinyTeX/texmf-dist/tex/latex/latexconfig/epstopdf-sys.
cfg
File: epstopdf-sys.cfg 2010/07/13 v1.3 Configuration of (r)epstopdf for TeX Liv
e
))
\AtBeginShipoutBox=\box53
Package hyperref Info: Link coloring OFF on input line 97.
(/Users/jdoughe2/Library/TinyTeX/texmf-dist/tex/latex/hyperref/nameref.sty
Package: nameref 2019/09/16 v2.46 Cross-referencing by name of section
(/Users/jdoughe2/Library/TinyTeX/texmf-dist/tex/latex/refcount/refcount.sty
Package: refcount 2019/12/15 v3.6 Data extraction from label references (HO)
)
(/Users/jdoughe2/Library/TinyTeX/texmf-dist/tex/generic/gettitlestring/gettitle
string.sty
Package: gettitlestring 2019/12/15 v1.6 Cleanup title references (HO)
)
\c@section@level=\count277
)
LaTeX Info: Redefining \ref on input line 97.
LaTeX Info: Redefining \pageref on input line 97.
LaTeX Info: Redefining \nameref on input line 97.
(./bookdown-template.out) (./bookdown-template.out)
\@outlinefile=\write3
\openout3 = `bookdown-template.out'.

LaTeX Font Info:    Trying to load font information for OT1+lmr on input line 9
9.
(/Users/jdoughe2/Library/TinyTeX/texmf-dist/tex/latex/lm/ot1lmr.fd
File: ot1lmr.fd 2009/10/30 v1.6 Font defs for Latin Modern
)
LaTeX Font Info:    Trying to load font information for OML+lmm on input line 9
9.
(/Users/jdoughe2/Library/TinyTeX/texmf-dist/tex/latex/lm/omllmm.fd
File: omllmm.fd 2009/10/30 v1.6 Font defs for Latin Modern
)
LaTeX Font Info:    Trying to load font information for OMS+lmsy on input line 
99.
(/Users/jdoughe2/Library/TinyTeX/texmf-dist/tex/latex/lm/omslmsy.fd
File: omslmsy.fd 2009/10/30 v1.6 Font defs for Latin Modern
)
LaTeX Font Info:    Trying to load font information for OMX+lmex on input line 
99.
(/Users/jdoughe2/Library/TinyTeX/texmf-dist/tex/latex/lm/omxlmex.fd
File: omxlmex.fd 2009/10/30 v1.6 Font defs for Latin Modern
)
LaTeX Font Info:    External font `lmex10' loaded for size
(Font)              <12> on input line 99.
LaTeX Font Info:    External font `lmex10' loaded for size
(Font)              <8> on input line 99.
LaTeX Font Info:    External font `lmex10' loaded for size
(Font)              <6> on input line 99.
LaTeX Font Info:    Trying to load font information for U+msa on input line 99.

(/Users/jdoughe2/Library/TinyTeX/texmf-dist/tex/latex/amsfonts/umsa.fd
File: umsa.fd 2013/01/14 v3.01 AMS symbols A
)
LaTeX Font Info:    Trying to load font information for U+msb on input line 99.

(/Users/jdoughe2/Library/TinyTeX/texmf-dist/tex/latex/amsfonts/umsb.fd
File: umsb.fd 2013/01/14 v3.01 AMS symbols B
) [1


{/Users/jdoughe2/Library/TinyTeX/texmf-var/fonts/map/pdftex/updmap/pdftex.map}]
[2

] (./bookdown-template.toc
LaTeX Font Info:    External font `lmex10' loaded for size
(Font)              <10> on input line 6.
LaTeX Font Info:    External font `lmex10' loaded for size
(Font)              <7> on input line 6.
LaTeX Font Info:    External font `lmex10' loaded for size
(Font)              <5> on input line 6.
)
\tf@toc=\write4
\openout4 = `bookdown-template.toc'.

[3] [4

]
LaTeX Font Info:    Trying to load font information for T1+lmtt on input line 1
10.
(/Users/jdoughe2/Library/TinyTeX/texmf-dist/tex/latex/lm/t1lmtt.fd
File: t1lmtt.fd 2009/10/30 v1.6 Font defs for Latin Modern
) [5] [6

]
Chapter 1.
[7] [8]
LaTeX Font Info:    Trying to load font information for TS1+lmr on input line 1
73.
(/Users/jdoughe2/Library/TinyTeX/texmf-dist/tex/latex/lm/ts1lmr.fd
File: ts1lmr.fd 2009/10/30 v1.6 Font defs for Latin Modern
)
Underfull \hbox (badness 10000) in paragraph at lines 175--177
[][]$\T1/lmr/m/n/10 https : / / stackover^^]ow . com / questions / 52924766 / n
umbering -[] and -[] referring -[]
 []


Underfull \hbox (badness 10000) in paragraph at lines 177--178
[][]$\T1/lmr/m/n/10 https : / / stackover^^]ow . com / questions / 50609212 / c
aption -[] styles -[] for -[] word -[]
 []


Underfull \hbox (badness 10000) in paragraph at lines 219--220
[]$\T1/lmr/m/n/10 https : / / github . com / HandsOnDataViz / bookdown -[] temp
late / blob / master / 01 -[]
 []

[9]
Overfull \hbox (80.24876pt too wide) in paragraph at lines 263--263
[]\T1/lmtt/m/n/10 <link rel="stylesheet" href="https://unpkg.com/leaflet@1.6.0/
dist/leaflet.css" />[] 
 []


Overfull \hbox (27.74892pt too wide) in paragraph at lines 263--263
[]\T1/lmtt/m/n/10 <script src="https://unpkg.com/leaflet@1.6.0/dist/leaflet.js"
></script>[] 
 []

[10]
Underfull \hbox (badness 10000) in paragraph at lines 297--299
[][]$\T1/lmr/m/n/10 https : / / stackover^^]ow . com / questions / 56808355 / h
ow -[] to -[] conditionally -[]
 []


Underfull \hbox (badness 10000) in paragraph at lines 303--305
[][]$\T1/lmr/m/n/10 https : / / stackover^^]ow . com / questions / 53861244 / h
tml -[] speci^^\c -[] section -[] in -[]
 []


Underfull \hbox (badness 10000) in paragraph at lines 305--307
[][]$\T1/lmr/m/n/10 https : / / stackover^^]ow . com / questions / 41084020 / a
dd -[] a -[] html -[] block -[] above -[]
 []


Overfull \hbox (2.65569pt too wide) in paragraph at lines 307--308
[][]$\T1/lmr/m/n/10 https : / / stackover^^]ow . com / questions / 45360998 / c
ode -[] folding -[] in -[] bookdown$[] 
 []

[11] [12]
<images/dougherty-jack.jpg, id=175, 48.18pt x 48.4209pt>
File: images/dougherty-jack.jpg Graphic file (type jpg)
<use images/dougherty-jack.jpg>
Package pdftex.def Info: images/dougherty-jack.jpg  used on input line 395.
(pdftex.def)             Requested size: 48.17986pt x 48.42076pt.
<images/ilyankou-ilya.jpg, id=177, 48.18pt x 48.18pt>
File: images/ilyankou-ilya.jpg Graphic file (type jpg)
<use images/ilyankou-ilya.jpg>
Package pdftex.def Info: images/ilyankou-ilya.jpg  used on input line 396.
(pdftex.def)             Requested size: 48.17986pt x 48.17986pt.
[13 <./images/dougherty-jack.jpg> <./images/ilyankou-ilya.jpg>]
<images/tiger.png, id=186, 108.405pt x 110.4125pt>
File: images/tiger.png Graphic file (type png)
<use images/tiger.png>
Package pdftex.def Info: images/tiger.png  used on input line 427.
(pdftex.def)             Requested size: 108.40968pt x 110.41727pt.
<images/screenshot-tall.png, id=188, 265.99374pt x 532.99126pt>
File: images/screenshot-tall.png Graphic file (type png)
<use images/screenshot-tall.png>
Package pdftex.def Info: images/screenshot-tall.png  used on input line 440.
(pdftex.def)             Requested size: 266.01743pt x 533.03874pt.

LaTeX Warning: Float too large for page by 6.98317pt on input line 441.

[14 <./images/tiger.png>]
File: images/screenshot-tall.png Graphic file (type png)
<use images/screenshot-tall.png>
Package pdftex.def Info: images/screenshot-tall.png  used on input line 451.
(pdftex.def)             Requested size: 200.75708pt x 402.27176pt.
File: images/screenshot-tall.png Graphic file (type png)
<use images/screenshot-tall.png>
Package pdftex.def Info: images/screenshot-tall.png  used on input line 462.
(pdftex.def)             Requested size: 200.75708pt x 402.27176pt.
<images/sample-map.jpg, id=201, 401.8212pt x 216.81pt>
File: images/sample-map.jpg Graphic file (type jpg)
<use images/sample-map.jpg>
Package pdftex.def Info: images/sample-map.jpg  used on input line 475.
(pdftex.def)             Requested size: 345.00154pt x 186.1519pt.
<images/sheets-option-drag.png, id=205, 271.0125pt x 250.9375pt>
File: images/sheets-option-drag.png Graphic file (type png)
<use images/sheets-option-drag.png>
Package pdftex.def Info: images/sheets-option-drag.png  used on input line 488.

(pdftex.def)             Requested size: 271.02423pt x 250.94835pt.
<images/video-sample.png, id=208, 168.63pt x 94.6737pt>
File: images/video-sample.png Graphic file (type png)
<use images/video-sample.png>
Package pdftex.def Info: images/video-sample.png  used on input line 508.
(pdftex.def)             Requested size: 168.63214pt x 94.6749pt.
[15] [16 <./images/screenshot-tall.png>] [17] [18] [19 <./images/sample-map.jpg
> <./images/sheets-option-drag.png>]
Overfull \hbox (41.69397pt too wide) in alignment at lines 526--531
 [] [] [] 
 []


Overfull \hbox (41.69397pt too wide) in alignment at lines 531--535
 [] [] [] 
 []


Overfull \hbox (41.69397pt too wide) in alignment at lines 535--539
 [] [] [] 
 []


Overfull \hbox (24.25111pt too wide) in paragraph at lines 565--566
[]\T1/lmr/m/n/10 To cre-ate notes, in-sert ci-ta-tion keys in the text, such as
 \T1/lmtt/m/n/10 @huffHowLieStatistics1954\T1/lmr/m/n/10 ,
 []


Overfull \vbox (127.54893pt too high) has occurred while \output is active []

[20 <./images/video-sample.png>]
Overfull \hbox (26.49902pt too wide) in paragraph at lines 611--613
\T1/lmtt/m/n/10 asciidoc --standalone --output bookdown-template-modified.ascii
doc 
 []

[21] [22]
Chapter 2.
File: images/tiger.png Graphic file (type png)
<use images/tiger.png>
Package pdftex.def Info: images/tiger.png  used on input line 630.
(pdftex.def)             Requested size: 108.40968pt x 110.41727pt.
[23

] [24]
Chapter 3.
Package atveryend Info: Empty hook `BeforeClearDocument' on input line 654.
[25

]
Package atveryend Info: Empty hook `AfterLastShipout' on input line 654.
(./bookdown-template.aux)
Package atveryend Info: Executing hook `AtVeryEndDocument' on input line 654.
Package atveryend Info: Executing hook `AtEndAfterFileList' on input line 654.
Package rerunfilecheck Info: File `bookdown-template.out' has not changed.
(rerunfilecheck)             Checksum: D66C1BDD023D62A96DBE71B3588FA1DE;1014.
Package atveryend Info: Empty hook `AtVeryVeryEnd' on input line 654.
 ) 
Here is how much of TeX's memory you used:
 11436 strings out of 482426
 163630 string characters out of 5947095
 423046 words of memory out of 5000000
 26885 multiletter control sequences out of 15000+600000
 610857 words of font info for 74 fonts, out of 8000000 for 9000
 14 hyphenation exceptions out of 8191
 34i,8n,37p,1009b,477s stack positions out of 5000i,500n,10000p,200000b,80000s
{/Users/jdoughe2/Library/TinyTeX/texmf-dist/fonts/enc/dvips/lm/lm-ts1.enc}{/U
sers/jdoughe2/Library/TinyTeX/texmf-dist/fonts/enc/dvips/lm/lm-ec.enc}</Users/j
doughe2/Library/TinyTeX/texmf-dist/fonts/type1/public/lm/lmbx10.pfb></Users/jdo
ughe2/Library/TinyTeX/texmf-dist/fonts/type1/public/lm/lmbx12.pfb></Users/jdoug
he2/Library/TinyTeX/texmf-dist/fonts/type1/public/lm/lmr10.pfb></Users/jdoughe2
/Library/TinyTeX/texmf-dist/fonts/type1/public/lm/lmr12.pfb></Users/jdoughe2/Li
brary/TinyTeX/texmf-dist/fonts/type1/public/lm/lmr17.pfb></Users/jdoughe2/Libra
ry/TinyTeX/texmf-dist/fonts/type1/public/lm/lmr6.pfb></Users/jdoughe2/Library/T
inyTeX/texmf-dist/fonts/type1/public/lm/lmr7.pfb></Users/jdoughe2/Library/TinyT
eX/texmf-dist/fonts/type1/public/lm/lmr8.pfb></Users/jdoughe2/Library/TinyTeX/t
exmf-dist/fonts/type1/public/lm/lmri10.pfb></Users/jdoughe2/Library/TinyTeX/tex
mf-dist/fonts/type1/public/lm/lmri8.pfb></Users/jdoughe2/Library/TinyTeX/texmf-
dist/fonts/type1/public/lm/lmro10.pfb></Users/jdoughe2/Library/TinyTeX/texmf-di
st/fonts/type1/public/lm/lmtt10.pfb>
Output written on bookdown-template.pdf (25 pages, 1576438 bytes).
PDF statistics:
 383 PDF objects out of 1000 (max. 8388607)
 328 compressed objects within 4 object streams
 101 named destinations out of 1000 (max. 500000)
 108 words of extra memory for PDF output out of 10000 (max. 10000000)

